[2023-09-28 14:55:50,726] WARNING: Это предупреждение
[2023-09-28 14:55:50,726] ERROR: Это сообщение об ошибке
[2023-09-28 14:55:51,637] WARNING: Это предупреждение
[2023-09-28 14:55:51,637] ERROR: Это сообщение об ошибке
[2023-09-28 14:55:53,692] WARNING: info msg
[2023-09-28 15:04:52,670] INFO: info msg
[2023-09-28 15:04:52,670] WARNING: warning msg
[2023-09-28 15:05:03,887] INFO: info msg
[2023-09-28 15:05:03,888] WARNING: warning msg
[2023-09-28 15:05:03,888] CRITICAL: warning msg
[2023-09-28 15:05:41,551] CRITICAL: warning msg
[2023-09-28 15:07:12,144] INFO: info msg
[2023-09-28 15:07:12,144] WARNING: warning msg
[2023-09-28 15:07:12,144] CRITICAL: warning msg
[2023-09-28 15:07:22,091] INFO: info msg
[2023-09-28 15:07:22,092] WARNING: warning msg
[2023-09-28 15:07:22,092] CRITICAL: warning msg
[2023-09-28 15:22:21,602] INFO: info msg
[2023-09-28 15:22:21,603] WARNING: warning msg
[2023-09-28 15:22:21,603] CRITICAL: warning msg
[2023-09-28 17:10:26,930] INFO: info msg
[2023-09-28 17:10:26,931] WARNING: warning msg
[2023-09-28 17:10:26,931] CRITICAL: warning msg
[2023-09-28 17:11:49,558] INFO: info msg
[2023-09-28 17:11:49,558] WARNING: warning msg
[2023-09-28 17:11:49,558] ERROR: warning msg
[2023-09-28 17:48:38,294] INFO: info msg
[2023-09-28 17:48:38,294] WARNING: warning msg
[2023-09-28 17:48:38,295] ERROR: warning msg
[2023-09-28 17:48:56,387] INFO: info msg
[2023-09-28 17:48:56,387] WARNING: warning msg
[2023-09-28 17:48:56,387] ERROR: warning msg
[2023-09-28 17:51:49,724] INFO: info msg
[2023-09-28 17:51:49,724] WARNING: warning msg
[2023-09-28 17:51:49,724] ERROR: warning msg
[2023-09-28 17:51:50,462] INFO: info msg
[2023-09-28 17:51:50,462] WARNING: warning msg
[2023-09-28 17:51:50,462] ERROR: warning msg
[2023-09-28 17:51:50,650] INFO: info msg
[2023-09-28 17:51:50,650] WARNING: warning msg
[2023-09-28 17:51:50,650] ERROR: warning msg
[2023-09-28 17:51:50,795] INFO: info msg
[2023-09-28 17:51:50,795] WARNING: warning msg
[2023-09-28 17:51:50,795] ERROR: warning msg
[2023-09-28 17:51:50,941] INFO: info msg
[2023-09-28 17:51:50,941] WARNING: warning msg
[2023-09-28 17:51:50,941] ERROR: warning msg
[2023-09-28 17:51:51,159] INFO: info msg
[2023-09-28 17:51:51,159] WARNING: warning msg
[2023-09-28 17:51:51,159] ERROR: warning msg
[2023-09-28 17:52:34,426] INFO: info msg
[2023-09-28 17:52:34,426] WARNING: warning msg
[2023-09-28 17:52:34,426] ERROR: warning msg
[2023-09-28 17:52:47,511] INFO: info msg
[2023-09-28 17:52:47,511] WARNING: warning msg
[2023-09-28 17:52:47,511] ERROR: warning msg
[2023-09-28 17:53:37,285] INFO: info msg
[2023-09-28 17:53:37,285] WARNING: warning msg
[2023-09-28 17:53:37,285] ERROR: warning msg
[2023-09-28 17:53:38,173] INFO: info msg
[2023-09-28 17:53:38,173] WARNING: warning msg
[2023-09-28 17:53:38,173] ERROR: warning msg
[2023-09-28 17:54:06,880] INFO: info msg
[2023-09-28 17:54:06,880] WARNING: warning msg
[2023-09-28 17:54:06,880] ERROR: warning msg
[2023-09-28 17:54:20,395] INFO: info msg
[2023-09-28 17:54:20,395] WARNING: warning msg
[2023-09-28 17:54:20,396] ERROR: warning msg
[2023-09-28 17:54:20,818] INFO: info msg
[2023-09-28 17:54:20,818] WARNING: warning msg
[2023-09-28 17:54:20,818] ERROR: warning msg
[2023-09-28 17:54:21,008] INFO: info msg
[2023-09-28 17:54:21,008] WARNING: warning msg
[2023-09-28 17:54:21,008] ERROR: warning msg
[2023-09-28 17:54:21,153] INFO: info msg
[2023-09-28 17:54:21,153] WARNING: warning msg
[2023-09-28 17:54:21,153] ERROR: warning msg
[2023-09-28 17:54:21,302] INFO: info msg
[2023-09-28 17:54:21,303] WARNING: warning msg
[2023-09-28 17:54:21,303] ERROR: warning msg
[2023-09-28 17:54:22,904] INFO: info msg
[2023-09-28 17:54:22,904] WARNING: warning msg
[2023-09-28 17:54:22,904] ERROR: warning msg
[2023-09-28 17:54:38,626] INFO: info msg
[2023-09-28 17:54:38,626] WARNING: warning msg
[2023-09-28 17:54:38,626] ERROR: warning msg
[2023-09-28 17:54:39,204] INFO: info msg
[2023-09-28 17:54:39,204] WARNING: warning msg
[2023-09-28 17:54:39,204] ERROR: warning msg
[2023-09-28 17:54:49,905] INFO: info msg
[2023-09-28 17:54:49,905] WARNING: warning msg
[2023-09-28 17:54:49,905] ERROR: warning msg
[2023-09-28 17:54:50,247] INFO: info msg
[2023-09-28 17:54:50,247] WARNING: warning msg
[2023-09-28 17:54:50,247] ERROR: warning msg
[2023-09-28 17:54:50,404] INFO: info msg
[2023-09-28 17:54:50,404] WARNING: warning msg
[2023-09-28 17:54:50,404] ERROR: warning msg
[2023-09-28 17:54:53,129] INFO: info msg
[2023-09-28 17:54:53,129] WARNING: warning msg
[2023-09-28 17:54:53,129] ERROR: warning msg
[2023-09-28 17:54:53,562] INFO: info msg
[2023-09-28 17:54:53,562] WARNING: warning msg
[2023-09-28 17:54:53,562] ERROR: warning msg
[2023-09-28 17:54:53,695] INFO: info msg
[2023-09-28 17:54:53,696] WARNING: warning msg
[2023-09-28 17:54:53,696] ERROR: warning msg
[2023-09-28 17:54:53,857] INFO: info msg
[2023-09-28 17:54:53,857] WARNING: warning msg
[2023-09-28 17:54:53,857] ERROR: warning msg
[2023-09-28 17:55:54,413] INFO: info msg
[2023-09-28 17:55:54,413] WARNING: warning msg
[2023-09-28 17:55:54,413] ERROR: warning msg
[2023-09-28 17:56:08,649] INFO: info msg
[2023-09-28 17:56:08,649] WARNING: warning msg
[2023-09-28 17:56:08,649] ERROR: warning msg
[2023-09-28 17:56:13,257] INFO: info msg
[2023-09-28 17:56:13,257] WARNING: warning msg
[2023-09-28 17:56:13,257] ERROR: warning msg
[2023-09-28 17:56:17,610] INFO: info msg
[2023-09-28 17:56:17,610] WARNING: warning msg
[2023-09-28 17:56:17,610] ERROR: warning msg
[2023-09-28 17:58:28,322] INFO: info msg
[2023-09-28 17:58:28,322] WARNING: warning msg
[2023-09-28 17:58:28,322] ERROR: warning msg
[2023-09-28 17:58:39,586] INFO: info msg
[2023-09-28 17:58:39,586] WARNING: warning msg
[2023-09-28 17:58:39,586] ERROR: warning msg
[2023-09-28 17:59:22,665] INFO: info msg
[2023-09-28 17:59:22,665] WARNING: warning msg
[2023-09-28 17:59:22,665] ERROR: warning msg
[2023-09-28 17:59:28,168] INFO: info msg
[2023-09-28 17:59:28,168] WARNING: warning msg
[2023-09-28 17:59:28,168] ERROR: warning msg
[2023-09-28 18:00:25,798] INFO: info msg
[2023-09-28 18:00:25,798] WARNING: warning msg
[2023-09-28 18:00:25,798] ERROR: warning msg
[2023-09-28 18:00:26,378] INFO: info msg
[2023-09-28 18:00:26,378] WARNING: warning msg
[2023-09-28 18:00:26,378] ERROR: warning msg
[2023-09-28 18:00:27,070] INFO: info msg
[2023-09-28 18:00:27,070] WARNING: warning msg
[2023-09-28 18:00:27,070] ERROR: warning msg
[2023-09-28 18:00:35,166] INFO: info msg
[2023-09-28 18:00:35,166] WARNING: warning msg
[2023-09-28 18:00:35,166] ERROR: warning msg
[2023-09-28 18:01:27,539] INFO: info msg
[2023-09-28 18:01:27,539] WARNING: warning msg
[2023-09-28 18:01:27,539] ERROR: warning msg
[2023-09-28 18:03:18,550] INFO: info msg
[2023-09-28 18:03:18,550] WARNING: warning msg
[2023-09-28 18:03:18,550] ERROR: warning msg
[2023-09-28 18:04:06,249] INFO: info msg
[2023-09-28 18:04:06,249] WARNING: warning msg
[2023-09-28 18:04:06,250] ERROR: warning msg
[2023-09-29 11:46:54,966] INFO: user ATF logged in
[2023-09-29 11:48:06,320] INFO: user ATF logged out
[2023-09-29 11:49:09,343] INFO: user MAMAMA has registered
[2023-09-29 11:49:53,846] INFO: user MAMAMA logged in
[2023-09-29 13:35:49,186] INFO: user MAMAMA logged out
[2023-09-29 13:35:54,126] INFO: user ATF logged in
[2023-09-29 13:50:50,705] INFO: user ATF logged out
[2023-09-29 14:14:09,111] INFO: user ATF logged in
[2023-09-29 15:10:33,271] INFO: user ATF logged out
[2023-09-29 15:25:20,258] INFO: user ATF logged in
[2023-09-29 15:28:15,449] INFO: user ATF logged in
[2023-09-29 15:32:49,433] INFO: user ATF logged in
[2023-09-29 15:34:05,928] INFO: user ATF logged in
[2023-09-29 15:34:33,615] INFO: user ATF logged out
[2023-09-29 15:35:01,689] INFO: user ATF logged in
[2023-09-29 15:35:12,334] INFO: user ATF logged out
[2023-09-29 15:48:33,795] INFO: user ATF logged in
[2023-09-29 15:57:11,503] INFO: user ATF logged out
[2023-09-29 16:00:30,946] INFO: user ATF logged in
[2023-09-29 16:01:24,356] INFO: user ATF logged in
[2023-09-29 16:03:50,728] INFO: user ATF logged out
[2023-09-29 16:12:31,543] INFO: user ATF logged in
[2023-09-29 16:12:47,408] INFO: user ATF logged out
[2023-09-29 16:15:55,579] INFO: user ATF logged in
[2023-09-29 16:33:06,811] INFO: user ATF logged out
[2023-09-29 16:58:09,348] INFO: user ATF logged in
[2023-09-29 16:58:29,612] INFO: user ATF logged out
[2023-09-29 16:59:51,444] INFO: user test_user has registered
[2023-09-29 17:00:09,345] INFO: user test_user logged in
[2023-09-29 17:01:43,704] INFO: user test_user logged out
[2023-09-29 17:05:56,753] INFO: user test_user logged in
[2023-09-29 17:32:43,056] INFO: user test_user logged out
[2023-09-29 17:33:03,294] INFO: user ATF logged in
[2023-09-29 17:37:05,849] INFO: user ATF logged out
[2023-09-29 17:41:07,804] INFO: user ddd has registered
[2023-09-29 17:41:14,904] INFO: user ddd logged in
[2023-09-29 17:41:27,795] INFO: user ddd logged out
[2023-09-29 17:41:42,677] INFO: user ATFggggggg has registered
[2023-09-29 17:42:08,569] INFO: user ATFggggggg logged in
